<?xml version="1.0" encoding="UTF-8"?>
<testsuites name="DDT_CHS_Validation_Test Suite" time="570.102" tests="3" failures="0" errors="0">
   <testsuite name="DDT_CHS_Validation_Test Suite" tests="3" failures="0" errors="0" time="570.102" skipped="0" timestamp="25-01-2024T19:36:54" hostname="sainadh - 192.168.1.4" id="Test Suites/DDT_CHS_Validation_Test Suite_001/DDT_CHS_Validation_Test Suite">
      <properties>
         <property name="deviceName" value=""/>
         <property name="devicePlatform" value=""/>
         <property name="logFolder" value="C:\\Users\\sainadh\\git\\Katalongithub_Automation_testing_CHS_001\\Reports\\20240125_193649\\DDT_CHS_Validation_Test Suite_001\\DDT_CHS_Validation_Test Suite\\20240125_193649"/>
         <property name="logFiles" value="C:\\Users\\sainadh\\git\\Katalongithub_Automation_testing_CHS_001\\Reports\\20240125_193649\\DDT_CHS_Validation_Test Suite_001\\DDT_CHS_Validation_Test Suite\\20240125_193649\\execution0.log"/>
         <property name="attachments" value=""/>
         <property name="hostName" value="sainadh - 192.168.1.4"/>
         <property name="os" value="Windows 11 64bit"/>
         <property name="katalonVersion" value="9.2.0.212"/>
         <property name="browser" value="Chrome 120.0.0.0"/>
         <property name="hostAddress" value="192.168.1.4"/>
         <property name="sessionId" value="092c42f18d95c8e89db1b7c2e8f2eaa9"/>
         <property name="seleniumVersion" value="3.141.59"/>
         <property name="proxyInformation" value="ProxyInformation { proxyOption=NO_PROXY, proxyServerType=HTTP, username=, password=********, proxyServerAddress=, proxyServerPort=0, executionList=&quot;&quot;, isApplyToDesiredCapabilities=true }"/>
         <property name="platform" value="Windows 11"/>
      </properties>
      <testcase name="Test Cases/Data Driven Testing/DDT_CHS_Validation_Login_Excel" time="193.377" classname="Test Cases/Data Driven Testing/DDT_CHS_Validation_Login_Excel" status="PASSED">
         <system-out><![CDATA[25-01-2024T19:36:54 - [TEST_CASE][PASSED] - Test Cases/Data Driven Testing/DDT_CHS_Validation_Login_Excel: Test Cases/Data Driven Testing/DDT_CHS_Validation_Login_Excel

25-01-2024T19:36:55 - [TEST_STEP][PASSED] - openBrowser(""): Browser is opened with url: ''

25-01-2024T19:36:55 - [MESSAGE][INFO] - Starting 'Chrome' driver

25-01-2024T19:36:55 - [MESSAGE][INFO] - Action delay is set to 0 milliseconds

25-01-2024T19:37:00 - [MESSAGE][PASSED] - Browser is opened with url: ''

25-01-2024T19:37:00 - [TEST_STEP][PASSED] - navigateToUrl("https://katalon-demo-cura.herokuapp.com/"): Navigate to 'https://katalon-demo-cura.herokuapp.com/' successfully

25-01-2024T19:37:03 - [MESSAGE][PASSED] - Navigate to 'https://katalon-demo-cura.herokuapp.com/' successfully

25-01-2024T19:37:03 - [TEST_STEP][PASSED] - click(findTestObject("Object Repository/DDT_CHS_Login_Validation_OR/Page_CURA Healthcare Service/a_Make Appointment")): Object: 'Object Repository/DDT_CHS_Login_Validation_OR/Page_CURA Healthcare Service/a_Make Appointment' is clicked on

25-01-2024T19:37:35 - [MESSAGE][PASSED] - Object: 'Object Repository/DDT_CHS_Login_Validation_OR/Page_CURA Healthcare Service/a_Make Appointment' is clicked on

25-01-2024T19:37:35 - [TEST_STEP][PASSED] - setText(findTestObject("Object Repository/DDT_CHS_Login_Validation_OR/Page_CURA Healthcare Service/input_username"), username): Text 'John Doe' is set on object 'Object Repository/DDT_CHS_Login_Validation_OR/Page_CURA Healthcare Service/input_username'

25-01-2024T19:38:35 - [MESSAGE][PASSED] - Text 'John Doe' is set on object 'Object Repository/DDT_CHS_Login_Validation_OR/Page_CURA Healthcare Service/input_username'

25-01-2024T19:38:35 - [TEST_STEP][PASSED] - setText(findTestObject("Object Repository/DDT_CHS_Login_Validation_OR/Page_CURA Healthcare Service/input_password"), password): Text 'ThisIsNotAPassword' is set on object 'Object Repository/DDT_CHS_Login_Validation_OR/Page_CURA Healthcare Service/input_password'

25-01-2024T19:39:35 - [MESSAGE][PASSED] - Text 'ThisIsNotAPassword' is set on object 'Object Repository/DDT_CHS_Login_Validation_OR/Page_CURA Healthcare Service/input_password'

25-01-2024T19:39:35 - [TEST_STEP][PASSED] - click(findTestObject("Object Repository/DDT_CHS_Login_Validation_OR/Page_CURA Healthcare Service/button_Login")): Object: 'Object Repository/DDT_CHS_Login_Validation_OR/Page_CURA Healthcare Service/button_Login' is clicked on

25-01-2024T19:40:07 - [MESSAGE][PASSED] - Object: 'Object Repository/DDT_CHS_Login_Validation_OR/Page_CURA Healthcare Service/button_Login' is clicked on

25-01-2024T19:40:07 - [TEST_STEP][PASSED] - closeBrowser(): Browser is closed

25-01-2024T19:40:08 - [MESSAGE][PASSED] - Browser is closed]]></system-out>
         <system-err><![CDATA[]]></system-err>
      </testcase>
      <testcase name="Test Cases/Data Driven Testing/DDT_CHS_Validation_Login_Excel" time="188.324" classname="Test Cases/Data Driven Testing/DDT_CHS_Validation_Login_Excel" status="PASSED">
         <system-out><![CDATA[25-01-2024T19:40:08 - [TEST_CASE][PASSED] - Test Cases/Data Driven Testing/DDT_CHS_Validation_Login_Excel: Test Cases/Data Driven Testing/DDT_CHS_Validation_Login_Excel

25-01-2024T19:40:08 - [TEST_STEP][PASSED] - openBrowser(""): Browser is opened with url: ''

25-01-2024T19:40:08 - [MESSAGE][INFO] - Starting 'Chrome' driver

25-01-2024T19:40:08 - [MESSAGE][INFO] - Action delay is set to 0 milliseconds

25-01-2024T19:40:09 - [MESSAGE][PASSED] - Browser is opened with url: ''

25-01-2024T19:40:09 - [TEST_STEP][PASSED] - navigateToUrl("https://katalon-demo-cura.herokuapp.com/"): Navigate to 'https://katalon-demo-cura.herokuapp.com/' successfully

25-01-2024T19:40:12 - [MESSAGE][PASSED] - Navigate to 'https://katalon-demo-cura.herokuapp.com/' successfully

25-01-2024T19:40:12 - [TEST_STEP][PASSED] - click(findTestObject("Object Repository/DDT_CHS_Login_Validation_OR/Page_CURA Healthcare Service/a_Make Appointment")): Object: 'Object Repository/DDT_CHS_Login_Validation_OR/Page_CURA Healthcare Service/a_Make Appointment' is clicked on

25-01-2024T19:40:44 - [MESSAGE][PASSED] - Object: 'Object Repository/DDT_CHS_Login_Validation_OR/Page_CURA Healthcare Service/a_Make Appointment' is clicked on

25-01-2024T19:40:44 - [TEST_STEP][PASSED] - setText(findTestObject("Object Repository/DDT_CHS_Login_Validation_OR/Page_CURA Healthcare Service/input_username"), username): Text 'John Doe' is set on object 'Object Repository/DDT_CHS_Login_Validation_OR/Page_CURA Healthcare Service/input_username'

25-01-2024T19:41:44 - [MESSAGE][PASSED] - Text 'John Doe' is set on object 'Object Repository/DDT_CHS_Login_Validation_OR/Page_CURA Healthcare Service/input_username'

25-01-2024T19:41:44 - [TEST_STEP][PASSED] - setText(findTestObject("Object Repository/DDT_CHS_Login_Validation_OR/Page_CURA Healthcare Service/input_password"), password): Text 'ThisIsNotAPassword' is set on object 'Object Repository/DDT_CHS_Login_Validation_OR/Page_CURA Healthcare Service/input_password'

25-01-2024T19:42:44 - [MESSAGE][PASSED] - Text 'ThisIsNotAPassword' is set on object 'Object Repository/DDT_CHS_Login_Validation_OR/Page_CURA Healthcare Service/input_password'

25-01-2024T19:42:44 - [TEST_STEP][PASSED] - click(findTestObject("Object Repository/DDT_CHS_Login_Validation_OR/Page_CURA Healthcare Service/button_Login")): Object: 'Object Repository/DDT_CHS_Login_Validation_OR/Page_CURA Healthcare Service/button_Login' is clicked on

25-01-2024T19:43:16 - [MESSAGE][PASSED] - Object: 'Object Repository/DDT_CHS_Login_Validation_OR/Page_CURA Healthcare Service/button_Login' is clicked on

25-01-2024T19:43:16 - [TEST_STEP][PASSED] - closeBrowser(): Browser is closed

25-01-2024T19:43:16 - [MESSAGE][PASSED] - Browser is closed]]></system-out>
         <system-err><![CDATA[]]></system-err>
      </testcase>
      <testcase name="Test Cases/Data Driven Testing/DDT_CHS_Validation_Login_Excel" time="188.093" classname="Test Cases/Data Driven Testing/DDT_CHS_Validation_Login_Excel" status="PASSED">
         <system-out><![CDATA[25-01-2024T19:43:16 - [TEST_CASE][PASSED] - Test Cases/Data Driven Testing/DDT_CHS_Validation_Login_Excel: Test Cases/Data Driven Testing/DDT_CHS_Validation_Login_Excel

25-01-2024T19:43:16 - [TEST_STEP][PASSED] - openBrowser(""): Browser is opened with url: ''

25-01-2024T19:43:16 - [MESSAGE][INFO] - Starting 'Chrome' driver

25-01-2024T19:43:16 - [MESSAGE][INFO] - Action delay is set to 0 milliseconds

25-01-2024T19:43:17 - [MESSAGE][PASSED] - Browser is opened with url: ''

25-01-2024T19:43:17 - [TEST_STEP][PASSED] - navigateToUrl("https://katalon-demo-cura.herokuapp.com/"): Navigate to 'https://katalon-demo-cura.herokuapp.com/' successfully

25-01-2024T19:43:20 - [MESSAGE][PASSED] - Navigate to 'https://katalon-demo-cura.herokuapp.com/' successfully

25-01-2024T19:43:20 - [TEST_STEP][PASSED] - click(findTestObject("Object Repository/DDT_CHS_Login_Validation_OR/Page_CURA Healthcare Service/a_Make Appointment")): Object: 'Object Repository/DDT_CHS_Login_Validation_OR/Page_CURA Healthcare Service/a_Make Appointment' is clicked on

25-01-2024T19:43:52 - [MESSAGE][PASSED] - Object: 'Object Repository/DDT_CHS_Login_Validation_OR/Page_CURA Healthcare Service/a_Make Appointment' is clicked on

25-01-2024T19:43:52 - [TEST_STEP][PASSED] - setText(findTestObject("Object Repository/DDT_CHS_Login_Validation_OR/Page_CURA Healthcare Service/input_username"), username): Text 'John Doe123' is set on object 'Object Repository/DDT_CHS_Login_Validation_OR/Page_CURA Healthcare Service/input_username'

25-01-2024T19:44:52 - [MESSAGE][PASSED] - Text 'John Doe123' is set on object 'Object Repository/DDT_CHS_Login_Validation_OR/Page_CURA Healthcare Service/input_username'

25-01-2024T19:44:52 - [TEST_STEP][PASSED] - setText(findTestObject("Object Repository/DDT_CHS_Login_Validation_OR/Page_CURA Healthcare Service/input_password"), password): Text 'ThisIsNotAPassword' is set on object 'Object Repository/DDT_CHS_Login_Validation_OR/Page_CURA Healthcare Service/input_password'

25-01-2024T19:45:52 - [MESSAGE][PASSED] - Text 'ThisIsNotAPassword' is set on object 'Object Repository/DDT_CHS_Login_Validation_OR/Page_CURA Healthcare Service/input_password'

25-01-2024T19:45:52 - [TEST_STEP][PASSED] - click(findTestObject("Object Repository/DDT_CHS_Login_Validation_OR/Page_CURA Healthcare Service/button_Login")): Object: 'Object Repository/DDT_CHS_Login_Validation_OR/Page_CURA Healthcare Service/button_Login' is clicked on

25-01-2024T19:46:24 - [MESSAGE][PASSED] - Object: 'Object Repository/DDT_CHS_Login_Validation_OR/Page_CURA Healthcare Service/button_Login' is clicked on

25-01-2024T19:46:24 - [TEST_STEP][PASSED] - closeBrowser(): Browser is closed

25-01-2024T19:46:24 - [MESSAGE][PASSED] - Browser is closed]]></system-out>
         <system-err><![CDATA[]]></system-err>
      </testcase>
      <system-out><![CDATA[25-01-2024T19:36:54 - [TEST_SUITE][PASSED] - DDT_CHS_Validation_Test Suite: Test Cases/Data Driven Testing/DDT_CHS_Validation_Login_Excel]]></system-out>
      <system-err><![CDATA[]]></system-err>
   </testsuite>
</testsuites>
