<?xml version="1.0" encoding="UTF-8"?>
<testsuites name="DDT_CHS_Validation_Test Suite" time="577.081" tests="3" failures="0" errors="0">
   <testsuite name="DDT_CHS_Validation_Test Suite" tests="3" failures="0" errors="0" time="577.081" skipped="0" timestamp="26-01-2024T11:55:29" hostname="sainadh - 192.168.1.2" id="Test Suites/DDT_CHS_Validation_Test Suite_001/DDT_CHS_Validation_Test Suite">
      <properties>
         <property name="deviceName" value=""/>
         <property name="devicePlatform" value=""/>
         <property name="logFolder" value="C:\\Users\\sainadh\\git\\Katalongithub_Automation_testing_CHS_001\\Reports\\20240126_115524\\DDT_CHS_Validation_Test Suite_001\\DDT_CHS_Validation_Test Suite\\20240126_115524"/>
         <property name="logFiles" value="C:\\Users\\sainadh\\git\\Katalongithub_Automation_testing_CHS_001\\Reports\\20240126_115524\\DDT_CHS_Validation_Test Suite_001\\DDT_CHS_Validation_Test Suite\\20240126_115524\\execution0.log"/>
         <property name="attachments" value=""/>
         <property name="hostName" value="sainadh - 192.168.1.2"/>
         <property name="os" value="Windows 11 64bit"/>
         <property name="katalonVersion" value="9.2.0.212"/>
         <property name="browser" value="Chrome 120.0.0.0"/>
         <property name="hostAddress" value="192.168.1.2"/>
         <property name="sessionId" value="2ebd7499b02fb361dabe61fbd25b53c5"/>
         <property name="seleniumVersion" value="3.141.59"/>
         <property name="proxyInformation" value="ProxyInformation { proxyOption=NO_PROXY, proxyServerType=HTTP, username=, password=********, proxyServerAddress=, proxyServerPort=0, executionList=&quot;&quot;, isApplyToDesiredCapabilities=true }"/>
         <property name="platform" value="Windows 11"/>
      </properties>
      <testcase name="Test Cases/Data Driven Testing/DDT_CHS_Validation_Login_Excel" time="193.525" classname="Test Cases/Data Driven Testing/DDT_CHS_Validation_Login_Excel" status="PASSED">
         <system-out><![CDATA[26-01-2024T11:55:30 - [TEST_CASE][PASSED] - Test Cases/Data Driven Testing/DDT_CHS_Validation_Login_Excel: Test Cases/Data Driven Testing/DDT_CHS_Validation_Login_Excel

26-01-2024T11:55:30 - [TEST_STEP][PASSED] - openBrowser(""): Browser is opened with url: ''

26-01-2024T11:55:30 - [MESSAGE][INFO] - Starting 'Chrome' driver

26-01-2024T11:55:30 - [MESSAGE][INFO] - Action delay is set to 0 milliseconds

26-01-2024T11:55:33 - [MESSAGE][PASSED] - Browser is opened with url: ''

26-01-2024T11:55:33 - [TEST_STEP][PASSED] - navigateToUrl("https://katalon-demo-cura.herokuapp.com/"): Navigate to 'https://katalon-demo-cura.herokuapp.com/' successfully

26-01-2024T11:55:37 - [MESSAGE][PASSED] - Navigate to 'https://katalon-demo-cura.herokuapp.com/' successfully

26-01-2024T11:55:37 - [TEST_STEP][PASSED] - click(findTestObject("Object Repository/DDT_CHS_Login_Validation_OR/Page_CURA Healthcare Service/a_Make Appointment")): Object: 'Object Repository/DDT_CHS_Login_Validation_OR/Page_CURA Healthcare Service/a_Make Appointment' is clicked on

26-01-2024T11:56:09 - [MESSAGE][PASSED] - Object: 'Object Repository/DDT_CHS_Login_Validation_OR/Page_CURA Healthcare Service/a_Make Appointment' is clicked on

26-01-2024T11:56:09 - [TEST_STEP][PASSED] - setText(findTestObject("Object Repository/DDT_CHS_Login_Validation_OR/Page_CURA Healthcare Service/input_username"), username): Text 'John Doe' is set on object 'Object Repository/DDT_CHS_Login_Validation_OR/Page_CURA Healthcare Service/input_username'

26-01-2024T11:57:10 - [MESSAGE][PASSED] - Text 'John Doe' is set on object 'Object Repository/DDT_CHS_Login_Validation_OR/Page_CURA Healthcare Service/input_username'

26-01-2024T11:57:10 - [TEST_STEP][PASSED] - setText(findTestObject("Object Repository/DDT_CHS_Login_Validation_OR/Page_CURA Healthcare Service/input_password"), password): Text 'ThisIsNotAPassword' is set on object 'Object Repository/DDT_CHS_Login_Validation_OR/Page_CURA Healthcare Service/input_password'

26-01-2024T11:58:10 - [MESSAGE][PASSED] - Text 'ThisIsNotAPassword' is set on object 'Object Repository/DDT_CHS_Login_Validation_OR/Page_CURA Healthcare Service/input_password'

26-01-2024T11:58:10 - [TEST_STEP][PASSED] - click(findTestObject("Object Repository/DDT_CHS_Login_Validation_OR/Page_CURA Healthcare Service/button_Login")): Object: 'Object Repository/DDT_CHS_Login_Validation_OR/Page_CURA Healthcare Service/button_Login' is clicked on

26-01-2024T11:58:43 - [MESSAGE][PASSED] - Object: 'Object Repository/DDT_CHS_Login_Validation_OR/Page_CURA Healthcare Service/button_Login' is clicked on

26-01-2024T11:58:43 - [TEST_STEP][PASSED] - closeBrowser(): Browser is closed

26-01-2024T11:58:43 - [MESSAGE][PASSED] - Browser is closed]]></system-out>
         <system-err><![CDATA[]]></system-err>
      </testcase>
      <testcase name="Test Cases/Data Driven Testing/DDT_CHS_Validation_Login_Excel" time="193.838" classname="Test Cases/Data Driven Testing/DDT_CHS_Validation_Login_Excel" status="PASSED">
         <system-out><![CDATA[26-01-2024T11:58:43 - [TEST_CASE][PASSED] - Test Cases/Data Driven Testing/DDT_CHS_Validation_Login_Excel: Test Cases/Data Driven Testing/DDT_CHS_Validation_Login_Excel

26-01-2024T11:58:43 - [TEST_STEP][PASSED] - openBrowser(""): Browser is opened with url: ''

26-01-2024T11:58:43 - [MESSAGE][INFO] - Starting 'Chrome' driver

26-01-2024T11:58:43 - [MESSAGE][INFO] - Action delay is set to 0 milliseconds

26-01-2024T11:58:46 - [MESSAGE][PASSED] - Browser is opened with url: ''

26-01-2024T11:58:46 - [TEST_STEP][PASSED] - navigateToUrl("https://katalon-demo-cura.herokuapp.com/"): Navigate to 'https://katalon-demo-cura.herokuapp.com/' successfully

26-01-2024T11:58:52 - [MESSAGE][PASSED] - Navigate to 'https://katalon-demo-cura.herokuapp.com/' successfully

26-01-2024T11:58:52 - [TEST_STEP][PASSED] - click(findTestObject("Object Repository/DDT_CHS_Login_Validation_OR/Page_CURA Healthcare Service/a_Make Appointment")): Object: 'Object Repository/DDT_CHS_Login_Validation_OR/Page_CURA Healthcare Service/a_Make Appointment' is clicked on

26-01-2024T11:59:24 - [MESSAGE][PASSED] - Object: 'Object Repository/DDT_CHS_Login_Validation_OR/Page_CURA Healthcare Service/a_Make Appointment' is clicked on

26-01-2024T11:59:24 - [TEST_STEP][PASSED] - setText(findTestObject("Object Repository/DDT_CHS_Login_Validation_OR/Page_CURA Healthcare Service/input_username"), username): Text 'John Doe' is set on object 'Object Repository/DDT_CHS_Login_Validation_OR/Page_CURA Healthcare Service/input_username'

26-01-2024T12:00:25 - [MESSAGE][PASSED] - Text 'John Doe' is set on object 'Object Repository/DDT_CHS_Login_Validation_OR/Page_CURA Healthcare Service/input_username'

26-01-2024T12:00:25 - [TEST_STEP][PASSED] - setText(findTestObject("Object Repository/DDT_CHS_Login_Validation_OR/Page_CURA Healthcare Service/input_password"), password): Text 'ThisIsNotAPassword' is set on object 'Object Repository/DDT_CHS_Login_Validation_OR/Page_CURA Healthcare Service/input_password'

26-01-2024T12:01:25 - [MESSAGE][PASSED] - Text 'ThisIsNotAPassword' is set on object 'Object Repository/DDT_CHS_Login_Validation_OR/Page_CURA Healthcare Service/input_password'

26-01-2024T12:01:25 - [TEST_STEP][PASSED] - click(findTestObject("Object Repository/DDT_CHS_Login_Validation_OR/Page_CURA Healthcare Service/button_Login")): Object: 'Object Repository/DDT_CHS_Login_Validation_OR/Page_CURA Healthcare Service/button_Login' is clicked on

26-01-2024T12:01:57 - [MESSAGE][PASSED] - Object: 'Object Repository/DDT_CHS_Login_Validation_OR/Page_CURA Healthcare Service/button_Login' is clicked on

26-01-2024T12:01:57 - [TEST_STEP][PASSED] - closeBrowser(): Browser is closed

26-01-2024T12:01:57 - [MESSAGE][PASSED] - Browser is closed]]></system-out>
         <system-err><![CDATA[]]></system-err>
      </testcase>
      <testcase name="Test Cases/Data Driven Testing/DDT_CHS_Validation_Login_Excel" time="189.295" classname="Test Cases/Data Driven Testing/DDT_CHS_Validation_Login_Excel" status="PASSED">
         <system-out><![CDATA[26-01-2024T12:01:57 - [TEST_CASE][PASSED] - Test Cases/Data Driven Testing/DDT_CHS_Validation_Login_Excel: Test Cases/Data Driven Testing/DDT_CHS_Validation_Login_Excel

26-01-2024T12:01:57 - [TEST_STEP][PASSED] - openBrowser(""): Browser is opened with url: ''

26-01-2024T12:01:57 - [MESSAGE][INFO] - Starting 'Chrome' driver

26-01-2024T12:01:57 - [MESSAGE][INFO] - Action delay is set to 0 milliseconds

26-01-2024T12:01:58 - [MESSAGE][PASSED] - Browser is opened with url: ''

26-01-2024T12:01:58 - [TEST_STEP][PASSED] - navigateToUrl("https://katalon-demo-cura.herokuapp.com/"): Navigate to 'https://katalon-demo-cura.herokuapp.com/' successfully

26-01-2024T12:02:01 - [MESSAGE][PASSED] - Navigate to 'https://katalon-demo-cura.herokuapp.com/' successfully

26-01-2024T12:02:01 - [TEST_STEP][PASSED] - click(findTestObject("Object Repository/DDT_CHS_Login_Validation_OR/Page_CURA Healthcare Service/a_Make Appointment")): Object: 'Object Repository/DDT_CHS_Login_Validation_OR/Page_CURA Healthcare Service/a_Make Appointment' is clicked on

26-01-2024T12:02:33 - [MESSAGE][PASSED] - Object: 'Object Repository/DDT_CHS_Login_Validation_OR/Page_CURA Healthcare Service/a_Make Appointment' is clicked on

26-01-2024T12:02:33 - [TEST_STEP][PASSED] - setText(findTestObject("Object Repository/DDT_CHS_Login_Validation_OR/Page_CURA Healthcare Service/input_username"), username): Text 'John Doe123' is set on object 'Object Repository/DDT_CHS_Login_Validation_OR/Page_CURA Healthcare Service/input_username'

26-01-2024T12:03:33 - [MESSAGE][PASSED] - Text 'John Doe123' is set on object 'Object Repository/DDT_CHS_Login_Validation_OR/Page_CURA Healthcare Service/input_username'

26-01-2024T12:03:33 - [TEST_STEP][PASSED] - setText(findTestObject("Object Repository/DDT_CHS_Login_Validation_OR/Page_CURA Healthcare Service/input_password"), password): Text 'ThisIsNotAPassword' is set on object 'Object Repository/DDT_CHS_Login_Validation_OR/Page_CURA Healthcare Service/input_password'

26-01-2024T12:04:34 - [MESSAGE][PASSED] - Text 'ThisIsNotAPassword' is set on object 'Object Repository/DDT_CHS_Login_Validation_OR/Page_CURA Healthcare Service/input_password'

26-01-2024T12:04:34 - [TEST_STEP][PASSED] - click(findTestObject("Object Repository/DDT_CHS_Login_Validation_OR/Page_CURA Healthcare Service/button_Login")): Object: 'Object Repository/DDT_CHS_Login_Validation_OR/Page_CURA Healthcare Service/button_Login' is clicked on

26-01-2024T12:05:06 - [MESSAGE][PASSED] - Object: 'Object Repository/DDT_CHS_Login_Validation_OR/Page_CURA Healthcare Service/button_Login' is clicked on

26-01-2024T12:05:06 - [TEST_STEP][PASSED] - closeBrowser(): Browser is closed

26-01-2024T12:05:06 - [MESSAGE][PASSED] - Browser is closed]]></system-out>
         <system-err><![CDATA[]]></system-err>
      </testcase>
      <system-out><![CDATA[26-01-2024T11:55:29 - [TEST_SUITE][PASSED] - DDT_CHS_Validation_Test Suite: Test Cases/Data Driven Testing/DDT_CHS_Validation_Login_Excel]]></system-out>
      <system-err><![CDATA[]]></system-err>
   </testsuite>
</testsuites>
