<?xml version="1.0" encoding="UTF-8"?>
<testsuites name="TL_CURA_TestSuite_001" time="500.5" tests="1" failures="0" errors="0">
   <testsuite name="TL_CURA_TestSuite_001" tests="1" failures="0" errors="0" time="500.5" skipped="0" timestamp="08-02-2024T11:46:51" hostname="sainadh - 192.168.1.5" id="Test Suites/CURA TestSuite/TL_CURA_TestSuite_001">
      <properties>
         <property name="deviceName" value=""/>
         <property name="devicePlatform" value=""/>
         <property name="logFolder" value="C:\\Users\\sainadh\\git\\Katalongithub_Automation_testing_CHS_001\\Reports\\20240208_114637\\CURA TestSuite\\TL_CURA_TestSuite_001\\20240208_114646"/>
         <property name="logFiles" value="C:\\Users\\sainadh\\git\\Katalongithub_Automation_testing_CHS_001\\Reports\\20240208_114637\\CURA TestSuite\\TL_CURA_TestSuite_001\\20240208_114646\\execution0.log"/>
         <property name="attachments" value=""/>
         <property name="hostName" value="sainadh - 192.168.1.5"/>
         <property name="os" value="Windows 11 64bit"/>
         <property name="katalonVersion" value="9.3.0.212"/>
         <property name="browser" value="Chrome 121.0.0.0"/>
         <property name="hostAddress" value="192.168.1.5"/>
         <property name="sessionId" value="5a611a961e8668933e4ece4e006ab1c7"/>
         <property name="seleniumVersion" value="3.141.59"/>
         <property name="proxyInformation" value="ProxyInformation { proxyOption=NO_PROXY, proxyServerType=HTTP, username=, password=********, proxyServerAddress=, proxyServerPort=0, executionList=&quot;&quot;, isApplyToDesiredCapabilities=true }"/>
         <property name="platform" value="Windows 11"/>
      </properties>
      <testcase name="Test Cases/Test Listener-1/TC_AppointmentConfirmation_001" time="459.351" classname="Test Cases/Test Listener-1/TC_AppointmentConfirmation_001" status="PASSED">
         <system-out><![CDATA[08-02-2024T11:47:32 - [TEST_CASE][PASSED] - Test Cases/Test Listener-1/TC_AppointmentConfirmation_001: Test Cases/Test Listener-1/TC_AppointmentConfirmation_001

08-02-2024T11:47:32 - [TEST_STEP][PASSED] - Start listener action : sampleBeforeTestCase: Object: 'Object Repository/TL_Appointment Confirmation_OR/Page_CURA Healthcare Service/button_Login' is clicked on

08-02-2024T11:47:32 - [TEST_STEP][PASSED] - setText(findTestObject("Object Repository/TL_Appointment Confirmation_OR/Page_CURA Healthcare Service/input_username"), "John Doe"): Text 'John Doe' is set on object 'Object Repository/TL_Appointment Confirmation_OR/Page_CURA Healthcare Service/input_username'

08-02-2024T11:48:32 - [MESSAGE][PASSED] - Text 'John Doe' is set on object 'Object Repository/TL_Appointment Confirmation_OR/Page_CURA Healthcare Service/input_username'

08-02-2024T11:48:32 - [TEST_STEP][PASSED] - setEncryptedText(findTestObject("Object Repository/TL_Appointment Confirmation_OR/Page_CURA Healthcare Service/input_password"), "g3/DOGG74jC3Flrr3yH+3D/yKbOqqUNM"): Text ****** has been set on object 'Object Repository/TL_Appointment Confirmation_OR/Page_CURA Healthcare Service/input_password'

08-02-2024T11:49:03 - [MESSAGE][PASSED] - Text ****** has been set on object 'Object Repository/TL_Appointment Confirmation_OR/Page_CURA Healthcare Service/input_password'

08-02-2024T11:49:03 - [TEST_STEP][PASSED] - click(findTestObject("Object Repository/TL_Appointment Confirmation_OR/Page_CURA Healthcare Service/button_Login")): Object: 'Object Repository/TL_Appointment Confirmation_OR/Page_CURA Healthcare Service/button_Login' is clicked on

08-02-2024T11:49:35 - [MESSAGE][PASSED] - Object: 'Object Repository/TL_Appointment Confirmation_OR/Page_CURA Healthcare Service/button_Login' is clicked on

08-02-2024T11:49:35 - [TEST_STEP][PASSED] - selectOptionByValue(findTestObject("Object Repository/TL_Appointment Confirmation_OR/Page_CURA Healthcare Service/select_Tokyo CURA Healthcare Center        _5b4107"), "Hongkong CURA Healthcare Center", true): All options with value 'Hongkong CURA Healthcare Center' are selected in object 'Object Repository/TL_Appointment Confirmation_OR/Page_CURA Healthcare Service/select_Tokyo CURA Healthcare Center        _5b4107'  using regular expression

08-02-2024T11:51:06 - [MESSAGE][PASSED] - All options with value 'Hongkong CURA Healthcare Center' are selected in object 'Object Repository/TL_Appointment Confirmation_OR/Page_CURA Healthcare Service/select_Tokyo CURA Healthcare Center        _5b4107'  using regular expression

08-02-2024T11:51:06 - [TEST_STEP][PASSED] - click(findTestObject("Object Repository/TL_Appointment Confirmation_OR/Page_CURA Healthcare Service/input_programs")): Object: 'Object Repository/TL_Appointment Confirmation_OR/Page_CURA Healthcare Service/input_programs' is clicked on

08-02-2024T11:51:36 - [MESSAGE][PASSED] - Object: 'Object Repository/TL_Appointment Confirmation_OR/Page_CURA Healthcare Service/input_programs' is clicked on

08-02-2024T11:51:36 - [TEST_STEP][PASSED] - click(findTestObject("Object Repository/TL_Appointment Confirmation_OR/Page_CURA Healthcare Service/input_visit_date")): Object: 'Object Repository/TL_Appointment Confirmation_OR/Page_CURA Healthcare Service/input_visit_date' is clicked on

08-02-2024T11:52:06 - [MESSAGE][PASSED] - Object: 'Object Repository/TL_Appointment Confirmation_OR/Page_CURA Healthcare Service/input_visit_date' is clicked on

08-02-2024T11:52:06 - [TEST_STEP][PASSED] - click(findTestObject("Object Repository/TL_Appointment Confirmation_OR/Page_CURA Healthcare Service/td_1")): Object: 'Object Repository/TL_Appointment Confirmation_OR/Page_CURA Healthcare Service/td_1' is clicked on

08-02-2024T11:52:36 - [MESSAGE][PASSED] - Object: 'Object Repository/TL_Appointment Confirmation_OR/Page_CURA Healthcare Service/td_1' is clicked on

08-02-2024T11:52:36 - [TEST_STEP][PASSED] - setText(findTestObject("Object Repository/TL_Appointment Confirmation_OR/Page_CURA Healthcare Service/textarea_comment"), "Test Listner"): Text 'Test Listner' is set on object 'Object Repository/TL_Appointment Confirmation_OR/Page_CURA Healthcare Service/textarea_comment'

08-02-2024T11:53:37 - [MESSAGE][PASSED] - Text 'Test Listner' is set on object 'Object Repository/TL_Appointment Confirmation_OR/Page_CURA Healthcare Service/textarea_comment'

08-02-2024T11:53:37 - [TEST_STEP][PASSED] - click(findTestObject("Object Repository/TL_Appointment Confirmation_OR/Page_CURA Healthcare Service/button_Book Appointment")): Object: 'Object Repository/TL_Appointment Confirmation_OR/Page_CURA Healthcare Service/button_Book Appointment' is clicked on

08-02-2024T11:54:09 - [MESSAGE][PASSED] - Object: 'Object Repository/TL_Appointment Confirmation_OR/Page_CURA Healthcare Service/button_Book Appointment' is clicked on

08-02-2024T11:54:09 - [TEST_STEP][PASSED] - Start listener action : sampleAfterTestCase: Object: 'Object Repository/TL_Appointment Confirmation_OR/Page_CURA Healthcare Service/a_Logout' is clicked on

08-02-2024T11:54:09 - [TEST_STEP][PASSED] - click(findTestObject("Object Repository/TL_Appointment Confirmation_OR/Page_CURA Healthcare Service/i_fa fa-bars")): Object: 'Object Repository/TL_Appointment Confirmation_OR/Page_CURA Healthcare Service/i_fa fa-bars' is clicked on

08-02-2024T11:54:39 - [MESSAGE][PASSED] - Object: 'Object Repository/TL_Appointment Confirmation_OR/Page_CURA Healthcare Service/i_fa fa-bars' is clicked on

08-02-2024T11:54:39 - [TEST_STEP][PASSED] - click(findTestObject("Object Repository/TL_Appointment Confirmation_OR/Page_CURA Healthcare Service/a_Logout")): Object: 'Object Repository/TL_Appointment Confirmation_OR/Page_CURA Healthcare Service/a_Logout' is clicked on

08-02-2024T11:55:11 - [MESSAGE][PASSED] - Object: 'Object Repository/TL_Appointment Confirmation_OR/Page_CURA Healthcare Service/a_Logout' is clicked on]]></system-out>
         <system-err><![CDATA[]]></system-err>
      </testcase>
      <system-out><![CDATA[08-02-2024T11:46:51 - [TEST_SUITE][PASSED] - TL_CURA_TestSuite_001: Test Cases/Test Listener-1/TC_AppointmentConfirmation_001]]></system-out>
      <system-err><![CDATA[]]></system-err>
   </testsuite>
</testsuites>
