<?xml version="1.0" encoding="UTF-8"?>
<testsuites name="CHS_001" time="1453.901" tests="4" failures="0" errors="0">
   <testsuite name="CHS_001" tests="4" failures="0" errors="0" time="1453.901" skipped="0" timestamp="23-01-2024T12:03:59" hostname="sainadh - 192.168.1.5" id="Test Suites/Cura_Health_Services/CHS_001">
      <properties>
         <property name="deviceName" value=""/>
         <property name="devicePlatform" value=""/>
         <property name="logFolder" value="C:\\Users\\sainadh\\git\\Katalongithub_Automation_testing_CHS_001\\Reports\\20240123_120353\\Cura_Health_Services\\CHS_001\\20240123_120353"/>
         <property name="logFiles" value="C:\\Users\\sainadh\\git\\Katalongithub_Automation_testing_CHS_001\\Reports\\20240123_120353\\Cura_Health_Services\\CHS_001\\20240123_120353\\execution0.log"/>
         <property name="attachments" value=""/>
         <property name="hostName" value="sainadh - 192.168.1.5"/>
         <property name="os" value="Windows 11 64bit"/>
         <property name="katalonVersion" value="9.2.0.212"/>
         <property name="browser" value="Chrome 120.0.0.0"/>
         <property name="hostAddress" value="192.168.1.5"/>
         <property name="sessionId" value="8c3a67f65aa0736a52eeb1ca5e5479bf"/>
         <property name="seleniumVersion" value="3.141.59"/>
         <property name="proxyInformation" value="ProxyInformation { proxyOption=NO_PROXY, proxyServerType=HTTP, username=, password=********, proxyServerAddress=, proxyServerPort=0, executionList=&quot;&quot;, isApplyToDesiredCapabilities=true }"/>
         <property name="platform" value="Windows 11"/>
      </properties>
      <testcase name="Test Cases/CHS/Validation_Login" time="196.184" classname="Test Cases/CHS/Validation_Login" status="PASSED">
         <system-out><![CDATA[23-01-2024T12:03:59 - [TEST_CASE][PASSED] - Test Cases/CHS/Validation_Login: Test Cases/CHS/Validation_Login

23-01-2024T12:04:00 - [TEST_STEP][PASSED] - openBrowser(""): Browser is opened with url: ''

23-01-2024T12:04:00 - [MESSAGE][INFO] - Starting 'Chrome' driver

23-01-2024T12:04:00 - [MESSAGE][INFO] - Action delay is set to 0 milliseconds

23-01-2024T12:04:02 - [MESSAGE][PASSED] - Browser is opened with url: ''

23-01-2024T12:04:02 - [TEST_STEP][PASSED] - navigateToUrl("https://katalon-demo-cura.herokuapp.com/"): Navigate to 'https://katalon-demo-cura.herokuapp.com/' successfully

23-01-2024T12:04:09 - [MESSAGE][PASSED] - Navigate to 'https://katalon-demo-cura.herokuapp.com/' successfully

23-01-2024T12:04:09 - [TEST_STEP][PASSED] - click(findTestObject("Object Repository/Cura_Health_Services_Login_OR/Page_CURA Healthcare Service/amenu-toggle")): Object: 'Object Repository/Cura_Health_Services_Login_OR/Page_CURA Healthcare Service/amenu-toggle' is clicked on

23-01-2024T12:04:40 - [MESSAGE][PASSED] - Object: 'Object Repository/Cura_Health_Services_Login_OR/Page_CURA Healthcare Service/amenu-toggle' is clicked on

23-01-2024T12:04:40 - [TEST_STEP][PASSED] - click(findTestObject("Object Repository/Cura_Health_Services_Login_OR/Page_CURA Healthcare Service/a_Login")): Object: 'Object Repository/Cura_Health_Services_Login_OR/Page_CURA Healthcare Service/a_Login' is clicked on

23-01-2024T12:05:12 - [MESSAGE][PASSED] - Object: 'Object Repository/Cura_Health_Services_Login_OR/Page_CURA Healthcare Service/a_Login' is clicked on

23-01-2024T12:05:12 - [TEST_STEP][PASSED] - setText(findTestObject("Object Repository/Cura_Health_Services_Login_OR/Page_CURA Healthcare Service/input_username"), "John Doe"): Text 'John Doe' is set on object 'Object Repository/Cura_Health_Services_Login_OR/Page_CURA Healthcare Service/input_username'

23-01-2024T12:06:12 - [MESSAGE][PASSED] - Text 'John Doe' is set on object 'Object Repository/Cura_Health_Services_Login_OR/Page_CURA Healthcare Service/input_username'

23-01-2024T12:06:12 - [TEST_STEP][PASSED] - setEncryptedText(findTestObject("Object Repository/Cura_Health_Services_Login_OR/Page_CURA Healthcare Service/input_password"), "g3/DOGG74jC3Flrr3yH+3D/yKbOqqUNM"): Text ****** has been set on object 'Object Repository/Cura_Health_Services_Login_OR/Page_CURA Healthcare Service/input_password'

23-01-2024T12:06:43 - [MESSAGE][PASSED] - Text ****** has been set on object 'Object Repository/Cura_Health_Services_Login_OR/Page_CURA Healthcare Service/input_password'

23-01-2024T12:06:43 - [TEST_STEP][PASSED] - click(findTestObject("Object Repository/Cura_Health_Services_Login_OR/Page_CURA Healthcare Service/button_Login")): Object: 'Object Repository/Cura_Health_Services_Login_OR/Page_CURA Healthcare Service/button_Login' is clicked on

23-01-2024T12:07:15 - [MESSAGE][PASSED] - Object: 'Object Repository/Cura_Health_Services_Login_OR/Page_CURA Healthcare Service/button_Login' is clicked on

23-01-2024T12:07:15 - [TEST_STEP][PASSED] - closeBrowser(): Browser is closed

23-01-2024T12:07:15 - [MESSAGE][PASSED] - Browser is closed]]></system-out>
         <system-err><![CDATA[]]></system-err>
      </testcase>
      <testcase name="Test Cases/CHS/Validation_Make Appointment" time="434.448" classname="Test Cases/CHS/Validation_Make Appointment" status="PASSED">
         <system-out><![CDATA[23-01-2024T12:07:16 - [TEST_CASE][PASSED] - Test Cases/CHS/Validation_Make Appointment: Test Cases/CHS/Validation_Make Appointment

23-01-2024T12:07:16 - [TEST_STEP][PASSED] - openBrowser(""): Browser is opened with url: ''

23-01-2024T12:07:16 - [MESSAGE][INFO] - Starting 'Chrome' driver

23-01-2024T12:07:16 - [MESSAGE][INFO] - Action delay is set to 0 milliseconds

23-01-2024T12:07:16 - [MESSAGE][PASSED] - Browser is opened with url: ''

23-01-2024T12:07:17 - [TEST_STEP][PASSED] - navigateToUrl("https://katalon-demo-cura.herokuapp.com/"): Navigate to 'https://katalon-demo-cura.herokuapp.com/' successfully

23-01-2024T12:07:21 - [MESSAGE][PASSED] - Navigate to 'https://katalon-demo-cura.herokuapp.com/' successfully

23-01-2024T12:07:21 - [TEST_STEP][PASSED] - click(findTestObject("Object Repository/Cura_Health_Services_Appointment_OR/Page_CURA Healthcare Service/a_Make Appointment")): Object: 'Object Repository/Cura_Health_Services_Appointment_OR/Page_CURA Healthcare Service/a_Make Appointment' is clicked on

23-01-2024T12:07:52 - [MESSAGE][PASSED] - Object: 'Object Repository/Cura_Health_Services_Appointment_OR/Page_CURA Healthcare Service/a_Make Appointment' is clicked on

23-01-2024T12:07:52 - [TEST_STEP][PASSED] - setText(findTestObject("Object Repository/Cura_Health_Services_Appointment_OR/Page_CURA Healthcare Service/input_username"), "John Doe"): Text 'John Doe' is set on object 'Object Repository/Cura_Health_Services_Appointment_OR/Page_CURA Healthcare Service/input_username'

23-01-2024T12:08:53 - [MESSAGE][PASSED] - Text 'John Doe' is set on object 'Object Repository/Cura_Health_Services_Appointment_OR/Page_CURA Healthcare Service/input_username'

23-01-2024T12:08:53 - [TEST_STEP][PASSED] - setEncryptedText(findTestObject("Object Repository/Cura_Health_Services_Appointment_OR/Page_CURA Healthcare Service/input_password"), "g3/DOGG74jC3Flrr3yH+3D/yKbOqqUNM"): Text ****** has been set on object 'Object Repository/Cura_Health_Services_Appointment_OR/Page_CURA Healthcare Service/input_password'

23-01-2024T12:09:23 - [MESSAGE][PASSED] - Text ****** has been set on object 'Object Repository/Cura_Health_Services_Appointment_OR/Page_CURA Healthcare Service/input_password'

23-01-2024T12:09:23 - [TEST_STEP][PASSED] - click(findTestObject("Object Repository/Cura_Health_Services_Appointment_OR/Page_CURA Healthcare Service/button_Login")): Object: 'Object Repository/Cura_Health_Services_Appointment_OR/Page_CURA Healthcare Service/button_Login' is clicked on

23-01-2024T12:09:56 - [MESSAGE][PASSED] - Object: 'Object Repository/Cura_Health_Services_Appointment_OR/Page_CURA Healthcare Service/button_Login' is clicked on

23-01-2024T12:09:56 - [TEST_STEP][PASSED] - selectOptionByValue(findTestObject("Object Repository/Cura_Health_Services_Appointment_OR/Page_CURA Healthcare Service/select_Tokyo CURA Healthcare Center        _5b4107"), "Hongkong CURA Healthcare Center", true): All options with value 'Hongkong CURA Healthcare Center' are selected in object 'Object Repository/Cura_Health_Services_Appointment_OR/Page_CURA Healthcare Service/select_Tokyo CURA Healthcare Center        _5b4107'  using regular expression

23-01-2024T12:11:26 - [MESSAGE][PASSED] - All options with value 'Hongkong CURA Healthcare Center' are selected in object 'Object Repository/Cura_Health_Services_Appointment_OR/Page_CURA Healthcare Service/select_Tokyo CURA Healthcare Center        _5b4107'  using regular expression

23-01-2024T12:11:26 - [TEST_STEP][PASSED] - click(findTestObject("Object Repository/Cura_Health_Services_Appointment_OR/Page_CURA Healthcare Service/input_programs")): Object: 'Object Repository/Cura_Health_Services_Appointment_OR/Page_CURA Healthcare Service/input_programs' is clicked on

23-01-2024T12:11:56 - [MESSAGE][PASSED] - Object: 'Object Repository/Cura_Health_Services_Appointment_OR/Page_CURA Healthcare Service/input_programs' is clicked on

23-01-2024T12:11:56 - [TEST_STEP][PASSED] - click(findTestObject("Object Repository/Cura_Health_Services_Appointment_OR/Page_CURA Healthcare Service/input_visit_date")): Object: 'Object Repository/Cura_Health_Services_Appointment_OR/Page_CURA Healthcare Service/input_visit_date' is clicked on

23-01-2024T12:12:27 - [MESSAGE][PASSED] - Object: 'Object Repository/Cura_Health_Services_Appointment_OR/Page_CURA Healthcare Service/input_visit_date' is clicked on

23-01-2024T12:12:27 - [TEST_STEP][PASSED] - click(findTestObject("Object Repository/Cura_Health_Services_Appointment_OR/Page_CURA Healthcare Service/td_30")): Object: 'Object Repository/Cura_Health_Services_Appointment_OR/Page_CURA Healthcare Service/td_30' is clicked on

23-01-2024T12:12:57 - [MESSAGE][PASSED] - Object: 'Object Repository/Cura_Health_Services_Appointment_OR/Page_CURA Healthcare Service/td_30' is clicked on

23-01-2024T12:12:57 - [TEST_STEP][PASSED] - setText(findTestObject("Object Repository/Cura_Health_Services_Appointment_OR/Page_CURA Healthcare Service/textarea_comment"), "abcdefgh"): Text 'abcdefgh' is set on object 'Object Repository/Cura_Health_Services_Appointment_OR/Page_CURA Healthcare Service/textarea_comment'

23-01-2024T12:13:57 - [MESSAGE][PASSED] - Text 'abcdefgh' is set on object 'Object Repository/Cura_Health_Services_Appointment_OR/Page_CURA Healthcare Service/textarea_comment'

23-01-2024T12:13:57 - [TEST_STEP][PASSED] - click(findTestObject("Object Repository/Cura_Health_Services_Appointment_OR/Page_CURA Healthcare Service/button_Book Appointment")): Object: 'Object Repository/Cura_Health_Services_Appointment_OR/Page_CURA Healthcare Service/button_Book Appointment' is clicked on

23-01-2024T12:14:30 - [MESSAGE][PASSED] - Object: 'Object Repository/Cura_Health_Services_Appointment_OR/Page_CURA Healthcare Service/button_Book Appointment' is clicked on

23-01-2024T12:14:30 - [TEST_STEP][PASSED] - closeBrowser(): Browser is closed

23-01-2024T12:14:30 - [MESSAGE][PASSED] - Browser is closed]]></system-out>
         <system-err><![CDATA[]]></system-err>
      </testcase>
      <testcase name="Test Cases/CHS/Validation_History" time="561.901" classname="Test Cases/CHS/Validation_History" status="PASSED">
         <system-out><![CDATA[23-01-2024T12:14:30 - [TEST_CASE][PASSED] - Test Cases/CHS/Validation_History: Test Cases/CHS/Validation_History

23-01-2024T12:14:30 - [TEST_STEP][PASSED] - openBrowser(""): Browser is opened with url: ''

23-01-2024T12:14:30 - [MESSAGE][INFO] - Starting 'Chrome' driver

23-01-2024T12:14:30 - [MESSAGE][INFO] - Action delay is set to 0 milliseconds

23-01-2024T12:14:31 - [MESSAGE][PASSED] - Browser is opened with url: ''

23-01-2024T12:14:31 - [TEST_STEP][PASSED] - navigateToUrl("https://katalon-demo-cura.herokuapp.com/"): Navigate to 'https://katalon-demo-cura.herokuapp.com/' successfully

23-01-2024T12:14:37 - [MESSAGE][PASSED] - Navigate to 'https://katalon-demo-cura.herokuapp.com/' successfully

23-01-2024T12:14:37 - [TEST_STEP][PASSED] - click(findTestObject("Object Repository/Cura_Health_Services_History_OR/Page_CURA Healthcare Service/amenu-toggle")): Object: 'Object Repository/Cura_Health_Services_History_OR/Page_CURA Healthcare Service/amenu-toggle' is clicked on

23-01-2024T12:15:08 - [MESSAGE][PASSED] - Object: 'Object Repository/Cura_Health_Services_History_OR/Page_CURA Healthcare Service/amenu-toggle' is clicked on

23-01-2024T12:15:08 - [TEST_STEP][PASSED] - click(findTestObject("Object Repository/Cura_Health_Services_History_OR/Page_CURA Healthcare Service/a_Login")): Object: 'Object Repository/Cura_Health_Services_History_OR/Page_CURA Healthcare Service/a_Login' is clicked on

23-01-2024T12:15:40 - [MESSAGE][PASSED] - Object: 'Object Repository/Cura_Health_Services_History_OR/Page_CURA Healthcare Service/a_Login' is clicked on

23-01-2024T12:15:40 - [TEST_STEP][PASSED] - setText(findTestObject("Object Repository/Cura_Health_Services_History_OR/Page_CURA Healthcare Service/input_username"), "John Doe"): Text 'John Doe' is set on object 'Object Repository/Cura_Health_Services_History_OR/Page_CURA Healthcare Service/input_username'

23-01-2024T12:16:41 - [MESSAGE][PASSED] - Text 'John Doe' is set on object 'Object Repository/Cura_Health_Services_History_OR/Page_CURA Healthcare Service/input_username'

23-01-2024T12:16:41 - [TEST_STEP][PASSED] - setEncryptedText(findTestObject("Object Repository/Cura_Health_Services_History_OR/Page_CURA Healthcare Service/input_password"), "g3/DOGG74jC3Flrr3yH+3D/yKbOqqUNM"): Text ****** has been set on object 'Object Repository/Cura_Health_Services_History_OR/Page_CURA Healthcare Service/input_password'

23-01-2024T12:17:11 - [MESSAGE][PASSED] - Text ****** has been set on object 'Object Repository/Cura_Health_Services_History_OR/Page_CURA Healthcare Service/input_password'

23-01-2024T12:17:11 - [TEST_STEP][PASSED] - click(findTestObject("Object Repository/Cura_Health_Services_History_OR/Page_CURA Healthcare Service/button_Login")): Object: 'Object Repository/Cura_Health_Services_History_OR/Page_CURA Healthcare Service/button_Login' is clicked on

23-01-2024T12:17:43 - [MESSAGE][PASSED] - Object: 'Object Repository/Cura_Health_Services_History_OR/Page_CURA Healthcare Service/button_Login' is clicked on

23-01-2024T12:17:43 - [TEST_STEP][PASSED] - selectOptionByValue(findTestObject("Object Repository/Cura_Health_Services_History_OR/Page_CURA Healthcare Service/select_Tokyo CURA Healthcare Center        _5b4107"), "Hongkong CURA Healthcare Center", true): All options with value 'Hongkong CURA Healthcare Center' are selected in object 'Object Repository/Cura_Health_Services_History_OR/Page_CURA Healthcare Service/select_Tokyo CURA Healthcare Center        _5b4107'  using regular expression

23-01-2024T12:19:14 - [MESSAGE][PASSED] - All options with value 'Hongkong CURA Healthcare Center' are selected in object 'Object Repository/Cura_Health_Services_History_OR/Page_CURA Healthcare Service/select_Tokyo CURA Healthcare Center        _5b4107'  using regular expression

23-01-2024T12:19:14 - [TEST_STEP][PASSED] - click(findTestObject("Object Repository/Cura_Health_Services_History_OR/Page_CURA Healthcare Service/div_Medicare                               _cb3988")): Object: 'Object Repository/Cura_Health_Services_History_OR/Page_CURA Healthcare Service/div_Medicare                               _cb3988' is clicked on

23-01-2024T12:19:44 - [MESSAGE][PASSED] - Object: 'Object Repository/Cura_Health_Services_History_OR/Page_CURA Healthcare Service/div_Medicare                               _cb3988' is clicked on

23-01-2024T12:19:44 - [TEST_STEP][PASSED] - click(findTestObject("Object Repository/Cura_Health_Services_History_OR/Page_CURA Healthcare Service/input_programs")): Object: 'Object Repository/Cura_Health_Services_History_OR/Page_CURA Healthcare Service/input_programs' is clicked on

23-01-2024T12:20:14 - [MESSAGE][PASSED] - Object: 'Object Repository/Cura_Health_Services_History_OR/Page_CURA Healthcare Service/input_programs' is clicked on

23-01-2024T12:20:14 - [TEST_STEP][PASSED] - click(findTestObject("Object Repository/Cura_Health_Services_History_OR/Page_CURA Healthcare Service/input_visit_date")): Object: 'Object Repository/Cura_Health_Services_History_OR/Page_CURA Healthcare Service/input_visit_date' is clicked on

23-01-2024T12:20:45 - [MESSAGE][PASSED] - Object: 'Object Repository/Cura_Health_Services_History_OR/Page_CURA Healthcare Service/input_visit_date' is clicked on

23-01-2024T12:20:45 - [TEST_STEP][PASSED] - click(findTestObject("Object Repository/Cura_Health_Services_History_OR/Page_CURA Healthcare Service/td_31")): Object: 'Object Repository/Cura_Health_Services_History_OR/Page_CURA Healthcare Service/td_31' is clicked on

23-01-2024T12:21:15 - [MESSAGE][PASSED] - Object: 'Object Repository/Cura_Health_Services_History_OR/Page_CURA Healthcare Service/td_31' is clicked on

23-01-2024T12:21:15 - [TEST_STEP][PASSED] - setText(findTestObject("Object Repository/Cura_Health_Services_History_OR/Page_CURA Healthcare Service/textarea_comment"), "abcdef"): Text 'abcdef' is set on object 'Object Repository/Cura_Health_Services_History_OR/Page_CURA Healthcare Service/textarea_comment'

23-01-2024T12:22:15 - [MESSAGE][PASSED] - Text 'abcdef' is set on object 'Object Repository/Cura_Health_Services_History_OR/Page_CURA Healthcare Service/textarea_comment'

23-01-2024T12:22:15 - [TEST_STEP][PASSED] - click(findTestObject("Object Repository/Cura_Health_Services_History_OR/Page_CURA Healthcare Service/button_Book Appointment")): Object: 'Object Repository/Cura_Health_Services_History_OR/Page_CURA Healthcare Service/button_Book Appointment' is clicked on

23-01-2024T12:22:49 - [MESSAGE][PASSED] - Object: 'Object Repository/Cura_Health_Services_History_OR/Page_CURA Healthcare Service/button_Book Appointment' is clicked on

23-01-2024T12:22:49 - [TEST_STEP][PASSED] - click(findTestObject("Object Repository/Cura_Health_Services_History_OR/Page_CURA Healthcare Service/i_fa fa-bars")): Object: 'Object Repository/Cura_Health_Services_History_OR/Page_CURA Healthcare Service/i_fa fa-bars' is clicked on

23-01-2024T12:23:19 - [MESSAGE][PASSED] - Object: 'Object Repository/Cura_Health_Services_History_OR/Page_CURA Healthcare Service/i_fa fa-bars' is clicked on

23-01-2024T12:23:19 - [TEST_STEP][PASSED] - click(findTestObject("Object Repository/Cura_Health_Services_History_OR/Page_CURA Healthcare Service/a_History")): Object: 'Object Repository/Cura_Health_Services_History_OR/Page_CURA Healthcare Service/a_History' is clicked on

23-01-2024T12:23:52 - [MESSAGE][PASSED] - Object: 'Object Repository/Cura_Health_Services_History_OR/Page_CURA Healthcare Service/a_History' is clicked on

23-01-2024T12:23:52 - [TEST_STEP][PASSED] - closeBrowser(): Browser is closed

23-01-2024T12:23:52 - [MESSAGE][PASSED] - Browser is closed]]></system-out>
         <system-err><![CDATA[]]></system-err>
      </testcase>
      <testcase name="Test Cases/CHS/Validation_Logout" time="261.092" classname="Test Cases/CHS/Validation_Logout" status="PASSED">
         <system-out><![CDATA[23-01-2024T12:23:52 - [TEST_CASE][PASSED] - Test Cases/CHS/Validation_Logout: Test Cases/CHS/Validation_Logout

23-01-2024T12:23:52 - [TEST_STEP][PASSED] - openBrowser(""): Browser is opened with url: ''

23-01-2024T12:23:52 - [MESSAGE][INFO] - Starting 'Chrome' driver

23-01-2024T12:23:52 - [MESSAGE][INFO] - Action delay is set to 0 milliseconds

23-01-2024T12:23:53 - [MESSAGE][PASSED] - Browser is opened with url: ''

23-01-2024T12:23:53 - [TEST_STEP][PASSED] - navigateToUrl("https://katalon-demo-cura.herokuapp.com/"): Navigate to 'https://katalon-demo-cura.herokuapp.com/' successfully

23-01-2024T12:24:00 - [MESSAGE][PASSED] - Navigate to 'https://katalon-demo-cura.herokuapp.com/' successfully

23-01-2024T12:24:00 - [TEST_STEP][PASSED] - click(findTestObject("Object Repository/Cura_Health_Services_Logout_OR/Page_CURA Healthcare Service/i_fa fa-bars")): Object: 'Object Repository/Cura_Health_Services_Logout_OR/Page_CURA Healthcare Service/i_fa fa-bars' is clicked on

23-01-2024T12:24:31 - [MESSAGE][PASSED] - Object: 'Object Repository/Cura_Health_Services_Logout_OR/Page_CURA Healthcare Service/i_fa fa-bars' is clicked on

23-01-2024T12:24:31 - [TEST_STEP][PASSED] - click(findTestObject("Object Repository/Cura_Health_Services_Logout_OR/Page_CURA Healthcare Service/a_Login")): Object: 'Object Repository/Cura_Health_Services_Logout_OR/Page_CURA Healthcare Service/a_Login' is clicked on

23-01-2024T12:25:05 - [MESSAGE][PASSED] - Object: 'Object Repository/Cura_Health_Services_Logout_OR/Page_CURA Healthcare Service/a_Login' is clicked on

23-01-2024T12:25:05 - [TEST_STEP][PASSED] - setText(findTestObject("Object Repository/Cura_Health_Services_Logout_OR/Page_CURA Healthcare Service/input_username"), "John Doe"): Text 'John Doe' is set on object 'Object Repository/Cura_Health_Services_Logout_OR/Page_CURA Healthcare Service/input_username'

23-01-2024T12:26:06 - [MESSAGE][PASSED] - Text 'John Doe' is set on object 'Object Repository/Cura_Health_Services_Logout_OR/Page_CURA Healthcare Service/input_username'

23-01-2024T12:26:06 - [TEST_STEP][PASSED] - setEncryptedText(findTestObject("Object Repository/Cura_Health_Services_Logout_OR/Page_CURA Healthcare Service/input_password"), "g3/DOGG74jC3Flrr3yH+3D/yKbOqqUNM"): Text ****** has been set on object 'Object Repository/Cura_Health_Services_Logout_OR/Page_CURA Healthcare Service/input_password'

23-01-2024T12:26:36 - [MESSAGE][PASSED] - Text ****** has been set on object 'Object Repository/Cura_Health_Services_Logout_OR/Page_CURA Healthcare Service/input_password'

23-01-2024T12:26:36 - [TEST_STEP][PASSED] - click(findTestObject("Object Repository/Cura_Health_Services_Logout_OR/Page_CURA Healthcare Service/button_Login")): Object: 'Object Repository/Cura_Health_Services_Logout_OR/Page_CURA Healthcare Service/button_Login' is clicked on

23-01-2024T12:27:09 - [MESSAGE][PASSED] - Object: 'Object Repository/Cura_Health_Services_Logout_OR/Page_CURA Healthcare Service/button_Login' is clicked on

23-01-2024T12:27:09 - [TEST_STEP][PASSED] - click(findTestObject("Object Repository/Cura_Health_Services_Logout_OR/Page_CURA Healthcare Service/amenu-toggle")): Object: 'Object Repository/Cura_Health_Services_Logout_OR/Page_CURA Healthcare Service/amenu-toggle' is clicked on

23-01-2024T12:27:39 - [MESSAGE][PASSED] - Object: 'Object Repository/Cura_Health_Services_Logout_OR/Page_CURA Healthcare Service/amenu-toggle' is clicked on

23-01-2024T12:27:39 - [TEST_STEP][PASSED] - click(findTestObject("Object Repository/Cura_Health_Services_Logout_OR/Page_CURA Healthcare Service/a_Logout")): Object: 'Object Repository/Cura_Health_Services_Logout_OR/Page_CURA Healthcare Service/a_Logout' is clicked on

23-01-2024T12:28:13 - [MESSAGE][PASSED] - Object: 'Object Repository/Cura_Health_Services_Logout_OR/Page_CURA Healthcare Service/a_Logout' is clicked on

23-01-2024T12:28:13 - [TEST_STEP][PASSED] - closeBrowser(): Browser is closed

23-01-2024T12:28:13 - [MESSAGE][PASSED] - Browser is closed]]></system-out>
         <system-err><![CDATA[]]></system-err>
      </testcase>
      <system-out><![CDATA[23-01-2024T12:03:59 - [TEST_SUITE][PASSED] - CHS_001: Test Cases/CHS/Validation_Logout]]></system-out>
      <system-err><![CDATA[]]></system-err>
   </testsuite>
</testsuites>
